2026-01-26 09:31:32.926 - DBeaver 25.3.3.202601181752 is starting
2026-01-26 09:31:32.928 - OS: Windows 11 10.0 (amd64)
2026-01-26 09:31:32.928 - Java version: 21.0.8 by Eclipse Adoptium (64bit)
2026-01-26 09:31:32.928 - Install path: 'C:\Users\adminn\AppData\Local\DBeaver'
2026-01-26 09:31:32.928 - Instance path: 'file:/C:/study/2. Database/'
2026-01-26 09:31:32.930 - Memory available 64Mb/1024Mb
2026-01-26 09:31:32.940 - Create display
2026-01-26 09:31:33.035 - Initialize desktop platform...
2026-01-26 09:31:33.172 - BounceCastle bundle found. Use JCE provider BC
> Start Core File Systems [org.eclipse.core.filesystem 1.11.400.v20251107-0507]
> Start Core Resource Management [org.eclipse.core.resources 3.23.100.v20251106-1705]
> Start 팀 지원 핵심 [org.eclipse.team.core 3.10.900.v20251104-0924]
> Start DBeaver UI Navigator [org.jkiss.dbeaver.ui.navigator 1.0.171.202601181752]
2026-01-26 09:31:33.351 - Initialize base platform...
2026-01-26 09:31:33.361 - send collected statistics
2026-01-26 09:31:33.377 - Platform initialized (342ms)
> Start Equinox Java Authentication and Authorization Service (JAAS) [org.eclipse.equinox.security 1.4.700.v20250622-1644]
> Start 인터넷 연결 관리 사용자 인터페이스 [org.eclipse.ui.net 1.5.500.v20250611-0855]
> Start Internet Connection Management [org.eclipse.core.net 1.5.800.v20250613-1119]
2026-01-26 09:31:33.517 - Proxy service 'org.eclipse.core.net.proxy.IProxyService' loaded
2026-01-26 09:31:33.600 - Starting instance server at http://localhost:58405
2026-01-26 09:31:33.601 - Run workbench
> Start Eclipse e4 작업영역 SWT [org.eclipse.e4.ui.workbench.swt 0.17.1000.v20251023-0611]
> Start Eclipse Application Services [org.eclipse.e4.core.services 2.5.300.v20251112-1253]
> Start Eclipse UI Application Services [org.eclipse.e4.ui.services 1.6.600.v20251023-1358]
> Start Eclipse e4 Progress View [org.eclipse.e4.ui.progress 0.4.900.v20251023-1511]
> Start Eclipse Bindings Support [org.eclipse.e4.ui.bindings 0.14.800.v20250916-0937]
> Start Eclipse e4 core commands [org.eclipse.e4.core.commands 1.1.700.v20250916-0927]
> Start EMF XML/XMI Persistence [org.eclipse.emf.ecore.xmi 2.39.0.v20250910-1205]
> Start Eclipse CSS SWT Theme Support [org.eclipse.e4.ui.css.swt.theme 0.14.600.v20251023-0615]
> Start Eclipse e4 작업영역 기능 추가 [org.eclipse.e4.ui.workbench.addons.swt 1.5.900.v20251007-0832]
Warning: NLS unused message: WorkbenchPreference_reuseEditorsThreshold in: org.eclipse.ui.internal.messages
Warning: NLS unused message: 이유 in: org.eclipse.ui.internal.messages
> Start Eclipse e4 작업영역 SWT 렌더러 [org.eclipse.e4.ui.workbench.renderers.swt 0.16.1000.v20251114-0005]
> Start Eclipse Dependency Injection Extensions [org.eclipse.e4.core.di.extensions 0.18.300.v20240413-1529]
> Start DBeaver AI Model [org.jkiss.dbeaver.model.ai 2.0.14.202601181752]
> Start DBeaver AI UI [org.jkiss.dbeaver.ui.ai 1.0.73.202601181752]
> Start Eclipse CSS SWT Support [org.eclipse.e4.ui.css.swt 0.15.700.v20251023-1511]
> Start JFace 텍스트 [org.eclipse.jface.text 3.29.0.v20251112-0859]
2026-01-26 09:31:35.260 - Configure workbench window
> Start DBeaver SQL Model [org.jkiss.dbeaver.model.sql 1.0.161.202601181752]
2026-01-26 09:31:35.469 - Total database drivers: 127 (127)
> Start 도움말 시스템 코어 [org.eclipse.help 3.10.600.v20250613-0437]
2026-01-26 09:31:35.539 - Create actions
2026-01-26 09:31:36.005 - Initialize workbench window
2026-01-26 09:31:36.026 - Finish initialization
> Start 기본 문서 편집기 [org.eclipse.ui.editors 3.20.200.v20251125-0939]
> Start 텍스트 편집기 프레임워크 [org.eclipse.ui.workbench.texteditor 3.19.400.v20251105-0815]
> Start DBeaver UI Editors - Data [org.jkiss.dbeaver.ui.editors.data 1.0.171.202601181752]
> Start DBeaver UI Editors - SQL [org.jkiss.dbeaver.ui.editors.sql 1.0.171.202601181752]
Warning: NLS unused message: FindReplace_RegExCheckbox_label in: org.eclipse.ui.texteditor.EditorMessages
Warning: NLS unused message: FindReplace_WrapCheckBox_label in: org.eclipse.ui.texteditor.EditorMessages
Warning: NLS unused message: FindReplace_IncrementalCheckBox_label in: org.eclipse.ui.texteditor.EditorMessages
Warning: NLS unused message: FindReplace_Options in: org.eclipse.ui.texteditor.EditorMessages
Warning: NLS unused message: FindReplace_ReplaceSelectionButton_label in: org.eclipse.ui.texteditor.EditorMessages
Warning: NLS unused message: FindReplace_SelectedRangeRadioButton_label in: org.eclipse.ui.texteditor.EditorMessages
Warning: NLS unused message: FindReplace_SelectAllButton_label in: org.eclipse.ui.texteditor.EditorMessages
Warning: NLS unused message: FindReplace_GlobalRadioButton_label in: org.eclipse.ui.texteditor.EditorMessages
Warning: NLS unused message: FindReplace_WholeWordCheckBox_label in: org.eclipse.ui.texteditor.EditorMessages
Warning: NLS unused message: FindReplace_ReplaceFindButton_label in: org.eclipse.ui.texteditor.EditorMessages
Warning: NLS unused message: FindReplace_BackwardRadioButton_label in: org.eclipse.ui.texteditor.EditorMessages
Warning: NLS unused message: FindReplace_CloseButton_label in: org.eclipse.ui.texteditor.EditorMessages
Warning: NLS unused message: FindReplace_Replace_label in: org.eclipse.ui.texteditor.EditorMessages
Warning: NLS unused message: FindReplace_CaseCheckBox_label in: org.eclipse.ui.texteditor.EditorMessages
Warning: NLS unused message: FindReplace_Status_replacements_label in: org.eclipse.ui.texteditor.EditorMessages
Warning: NLS unused message: FindReplace_title in: org.eclipse.ui.texteditor.EditorMessages
Warning: NLS unused message: FindReplace_Direction in: org.eclipse.ui.texteditor.EditorMessages
Warning: NLS unused message: FindReplace_ReplaceAllButton_label in: org.eclipse.ui.texteditor.EditorMessages
Warning: NLS unused message: FindReplace_Scope in: org.eclipse.ui.texteditor.EditorMessages
Warning: NLS unused message: FindReplace_Find_label in: org.eclipse.ui.texteditor.EditorMessages
Warning: NLS unused message: FindReplace_ForwardRadioButton_label in: org.eclipse.ui.texteditor.EditorMessages
Warning: NLS unused message: FindReplace_FindNextButton_label in: org.eclipse.ui.texteditor.EditorMessages
> Start DBeaver SQL Terminal [org.jkiss.dbeaver.ui.editors.sql.terminal 1.0.147.202601181752]
> Start 핵심 비교 지원 [org.eclipse.compare.core 3.8.800.v20250718-1505]
> Start DBeaver Sample Database [org.jkiss.dbeaver.ui.config.sample 1.0.208.202601181752]
2026-01-26 09:31:38.047 - Open [https://dbeaver.io/product/version.xml]
> Start DBeaver Dashboard UI [org.jkiss.dbeaver.ui.dashboard 1.0.168.202601181752]
> Start GEF Classic Draw2d [org.eclipse.draw2d 3.21.0.202512020742]
> Start GEF Classic GEF (MVC) [org.eclipse.gef 3.24.0.202511201732]
> Start DBeaver ERD UI [org.jkiss.dbeaver.ui.editors.erd 3.1.12.202601181752]
> Start DBeaver ERD Model [org.jkiss.dbeaver.model.erd 1.1.12.202601181752]
> Start DBeaver JDBC Model [org.jkiss.dbeaver.model.jdbc 1.0.64.202601181752]
> Start DBeaver MySQL Support [org.jkiss.dbeaver.ext.mysql 2.1.256.202601181752]
> Start 콘솔 [org.eclipse.ui.console 3.15.0.v20251113-1013]
> Start 디버그 핵심 [org.eclipse.debug.core 3.23.200.v20251107-0507]
> Start DBeaver Tasks - Native Tools UI [org.jkiss.dbeaver.tasks.native.ui 1.0.149.202601181752]
> Start DBeaver MySQL UI Support [org.jkiss.dbeaver.ext.mysql.ui 1.0.163.202601181752]
> Start DBeaver Tasks - General UI [org.jkiss.dbeaver.tasks.ui 1.0.149.202601181752]
2026-01-26 09:31:38.943 - Connect with 'localhost' (mysql8-19be336481c-78aba9771f7ecfdb)
2026-01-26 09:31:38.982 - Execution context opened (localhost; Main; 0)
> Start DBeaver GIS Support [org.jkiss.dbeaver.data.gis 1.0.195.202601181752]
2026-01-26 09:31:39.207 - Execution context opened (localhost; Metadata; 1)
2026-01-26 09:31:39.307 - Connected (mysql8-19be336481c-78aba9771f7ecfdb, MySQL Connector/J [mysql-connector-j-8.2.0 (Revision: 06a1f724497fd81c6a659131fda822c9e5085b6c)])
2026-01-26 09:31:39.367 - Execution context opened (localhost; SQLEditor <Script-6.sql>; 2)
> Start DBeaver SQL Language Semantic Model [org.jkiss.dbeaver.model.lsm 1.0.66.202601181752]
2026-01-26 09:33:16.846 - Execution context opened (localhost; SQLEditor <3. SELECT.sql>; 3)
2026-01-26 09:33:23.482 - Execution context opened (localhost; SQLEditor <Script-5.sql>; 4)
2026-01-26 10:21:10.333 - Can't parse numeric value [SELECT emp_no, salary, salary*1.1 AS increment_salary
FROM salaries s 
ORDER BY increment_salary desc
LIMIT 3;
] using formatter: For input string: "SELECT "
2026-01-26 10:21:10.333 - Can't parse numeric value [SELECT emp_no, salary, salary*1.1 AS increment_salary
FROM salaries s 
ORDER BY increment_salary desc
LIMIT 3;
] using formatter: For input string: "SELECT "
2026-01-26 10:21:10.335 - Can't parse numeric value [SELECT emp_no, salary, salary*1.1 AS increment_salary
FROM salaries s 
ORDER BY increment_salary desc
LIMIT 3;
] using formatter: For input string: "SELECT "
2026-01-26 10:21:10.337 - Can't parse numeric value [SELECT emp_no, salary, salary*1.1 AS increment_salary
FROM salaries s 
ORDER BY increment_salary desc
LIMIT 3;
] using formatter: For input string: "SELECT "
2026-01-26 10:21:10.338 - Can't parse numeric value [SELECT emp_no, salary, salary*1.1 AS increment_salary
FROM salaries s 
ORDER BY increment_salary desc
LIMIT 3;
] using formatter: For input string: "SELECT "
2026-01-26 10:33:50.407 - Can't parse numeric value [SELECT emp_no, salary, salary*1.1 AS increment_salary
FROM salaries s 
ORDER BY increment_salary desc
LIMIT 3;
] using formatter: For input string: "SELECT "
2026-01-26 10:33:50.407 - Can't parse numeric value [SELECT emp_no, salary, salary*1.1 AS increment_salary
FROM salaries s 
ORDER BY increment_salary desc
LIMIT 3;
] using formatter: For input string: "SELECT "
2026-01-26 10:33:50.409 - Can't parse numeric value [SELECT emp_no, salary, salary*1.1 AS increment_salary
FROM salaries s 
ORDER BY increment_salary desc
LIMIT 3;
] using formatter: For input string: "SELECT "
2026-01-26 10:33:50.410 - Can't parse numeric value [SELECT emp_no, salary, salary*1.1 AS increment_salary
FROM salaries s 
ORDER BY increment_salary desc
LIMIT 3;
] using formatter: For input string: "SELECT "
2026-01-26 10:33:50.412 - Can't parse numeric value [SELECT emp_no, salary, salary*1.1 AS increment_salary
FROM salaries s 
ORDER BY increment_salary desc
LIMIT 3;
] using formatter: For input string: "SELECT "
2026-01-26 11:46:50.706 - Application goes into sleep mode
2026-01-26 11:48:23.694 - Application wakes
> Start Equinox Provisioning Metadata [org.eclipse.equinox.p2.metadata 2.9.600.v20251108-0408]
> Start Data Transfer UI [org.jkiss.dbeaver.data.transfer.ui 1.0.155.202601181752]
> Start DBeaver Data Transfer [org.jkiss.dbeaver.data.transfer 2.0.155.202601181752]
2026-01-26 12:00:55.485 - Execution context opened (localhost; SQLEditor <Script-7.sql>; 5)
2026-01-26 12:02:51.772 - Table 'employees.db_tcl' not found in metadata catalog
2026-01-26 12:09:26.790 - Table 'employees.db_tcl' not found in metadata catalog
2026-01-26 12:09:26.880 - Table 'employees.db_tcl' not found in metadata catalog
2026-01-26 12:10:29.539 - Table 'employees.db_tcl' not found in metadata catalog
2026-01-26 12:10:48.872 - Table 'employees.db_tcl' not found in metadata catalog
2026-01-26 12:10:54.641 - Table 'employees.db_tcl' not found in metadata catalog
2026-01-26 12:36:18.348 - Application goes into sleep mode
2026-01-26 12:36:18.569 - System suspend detected. Close all remote connections.
2026-01-26 12:36:18.569 - Close connection 'localhost' for sleep mode
2026-01-26 12:36:18.581 - Execution context closed (localhost, 0)
2026-01-26 12:36:18.592 - Execution context closed (localhost, 1)
2026-01-26 12:36:18.603 - Execution context closed (localhost, 2)
2026-01-26 12:36:18.614 - Execution context closed (localhost, 3)
2026-01-26 12:36:18.624 - Execution context closed (localhost, 4)
2026-01-26 12:36:18.635 - Execution context closed (localhost, 5)
2026-01-26 12:36:18.635 - Disconnected (mysql8-19be336481c-78aba9771f7ecfdb)
2026-01-26 12:55:49.766 - Application wakes
2026-01-26 13:26:19.346 - Application goes into sleep mode
2026-01-26 13:26:21.447 - System suspend detected. Close all remote connections.
2026-01-26 13:31:04.704 - Application wakes
2026-01-26 13:31:25.905 - Connect with 'localhost' (mysql8-19be336481c-78aba9771f7ecfdb)
2026-01-26 13:31:25.905 - Execution context opened (localhost; Main; 6)
2026-01-26 13:31:25.912 - Execution context opened (localhost; Metadata; 7)
2026-01-26 13:31:25.934 - Connected (mysql8-19be336481c-78aba9771f7ecfdb, MySQL Connector/J [mysql-connector-j-8.2.0 (Revision: 06a1f724497fd81c6a659131fda822c9e5085b6c)])
2026-01-26 13:31:25.939 - Execution context opened (localhost; SQLEditor <Script-6.sql>; 8)
2026-01-26 13:31:25.941 - Execution context opened (localhost; SQLEditor <3. SELECT.sql>; 9)
2026-01-26 13:31:25.943 - Execution context opened (localhost; SQLEditor <Script-5.sql>; 10)
2026-01-26 13:31:25.944 - Execution context opened (localhost; SQLEditor <Script-7.sql>; 11)
2026-01-26 13:31:25.945 - Execution context opened (localhost; SQLEditor <Script-8.sql>; 12)
2026-01-26 13:40:41.933 - Execution context opened (localhost; SQLEditor <Script-8.sql>; 13)
2026-01-26 13:47:31.842 - Execution context opened (localhost; SQLEditor <26.01.23-2문제.sql>; 14)
2026-01-26 13:47:33.282 - Execution context closed (localhost, 14)
2026-01-26 13:50:28.297 - Execution context opened (localhost; SQLEditor <Script-8.sql>; 15)
2026-01-26 13:52:06.377 - Execution context closed (localhost, 11)
2026-01-26 13:52:06.827 - Execution context closed (localhost, 8)
2026-01-26 13:52:08.356 - Execution context closed (localhost, 10)
